
2월 08, 2022 15:59:36.205 NEW SESSION
2월 08, 2022 15:59:36.205 [5560:8160:0208/155936.204:ERROR:chrome_browser_main_extra_parts_metrics.cc(227)] START: ReportBluetoothAvailability(). If you don't see the END: message, this is crbug.com/1216328.
2월 08, 2022 15:59:36.206 [5560:8160:0208/155936.204:ERROR:chrome_browser_main_extra_parts_metrics.cc(230)] END: ReportBluetoothAvailability()
2월 08, 2022 15:59:36.206 [5560:8160:0208/155936.204:ERROR:chrome_browser_main_extra_parts_metrics.cc(235)] START: GetDefaultBrowser(). If you don't see the END: message, this is crbug.com/1216328.
2월 08, 2022 15:59:36.206 [5560:8160:0208/155936.205:ERROR:chrome_browser_main_extra_parts_metrics.cc(239)] END: GetDefaultBrowser()
2월 08, 2022 15:59:36.216 [5560:7564:0208/155936.216:ERROR:device_event_log_impl.cc(214)] [15:59:36.216] USB: usb_device_handle_win.cc:1050 Failed to read descriptor from node connection: 시스템에 부착된 장치가 작동하지 않습니다. (0x1F)
2월 08, 2022 15:59:36.217 [5560:7564:0208/155936.217:ERROR:device_event_log_impl.cc(214)] [15:59:36.216] USB: usb_device_handle_win.cc:1050 Failed to read descriptor from node connection: 시스템에 부착된 장치가 작동하지 않습니다. (0x1F)

2월 10, 2022 08:55:16.124 NEW SESSION
2월 10, 2022 08:55:16.124 [5636:11016:0210/085516.123:ERROR:chrome_browser_main_extra_parts_metrics.cc(227)] START: ReportBluetoothAvailability(). If you don't see the END: message, this is crbug.com/1216328.
2월 10, 2022 08:55:16.125 [5636:11016:0210/085516.123:ERROR:chrome_browser_main_extra_parts_metrics.cc(230)] END: ReportBluetoothAvailability()
2월 10, 2022 08:55:16.125 [5636:11016:0210/085516.123:ERROR:chrome_browser_main_extra_parts_metrics.cc(235)] START: GetDefaultBrowser(). If you don't see the END: message, this is crbug.com/1216328.
2월 10, 2022 08:55:16.126 [5636:11016:0210/085516.124:ERROR:chrome_browser_main_extra_parts_metrics.cc(239)] END: GetDefaultBrowser()
2월 10, 2022 08:55:16.135 [5636:1656:0210/085516.135:ERROR:device_event_log_impl.cc(214)] [08:55:16.135] USB: usb_device_handle_win.cc:1049 Failed to read descriptor from node connection: 시스템에 부착된 장치가 작동하지 않습니다. (0x1F)
2월 10, 2022 08:55:16.136 [5636:1656:0210/085516.136:ERROR:device_event_log_impl.cc(214)] [08:55:16.136] USB: usb_device_handle_win.cc:1049 Failed to read descriptor from node connection: 시스템에 부착된 장치가 작동하지 않습니다. (0x1F)
2월 10, 2022 09:13:22.942 [12704:5740:0210/091322.942:ERROR:chrome_browser_main_extra_parts_metrics.cc(227)] START: ReportBluetoothAvailability(). If you don't see the END: message, this is crbug.com/1216328.
2월 10, 2022 09:13:22.942 [12704:5740:0210/091322.942:ERROR:chrome_browser_main_extra_parts_metrics.cc(230)] END: ReportBluetoothAvailability()
2월 10, 2022 09:13:22.943 [12704:5740:0210/091322.942:ERROR:chrome_browser_main_extra_parts_metrics.cc(235)] START: GetDefaultBrowser(). If you don't see the END: message, this is crbug.com/1216328.
2월 10, 2022 09:13:22.943 [12704:5740:0210/091322.943:ERROR:chrome_browser_main_extra_parts_metrics.cc(239)] END: GetDefaultBrowser()
2월 10, 2022 09:13:22.961 [12704:12708:0210/091322.961:ERROR:device_event_log_impl.cc(214)] [09:13:22.961] USB: usb_device_handle_win.cc:1049 Failed to read descriptor from node connection: 시스템에 부착된 장치가 작동하지 않습니다. (0x1F)
2월 10, 2022 09:13:22.962 [12704:12708:0210/091322.962:ERROR:device_event_log_impl.cc(214)] [09:13:22.962] USB: usb_device_handle_win.cc:1049 Failed to read descriptor from node connection: 시스템에 부착된 장치가 작동하지 않습니다. (0x1F)
2월 10, 2022 09:14:52.818 [5608:2796:0210/091452.818:ERROR:chrome_browser_main_extra_parts_metrics.cc(227)] START: ReportBluetoothAvailability(). If you don't see the END: message, this is crbug.com/1216328.
2월 10, 2022 09:14:52.819 [5608:2796:0210/091452.818:ERROR:chrome_browser_main_extra_parts_metrics.cc(230)] END: ReportBluetoothAvailability()
2월 10, 2022 09:14:52.819 [5608:2796:0210/091452.818:ERROR:chrome_browser_main_extra_parts_metrics.cc(235)] START: GetDefaultBrowser(). If you don't see the END: message, this is crbug.com/1216328.
2월 10, 2022 09:14:52.819 [5608:2796:0210/091452.819:ERROR:chrome_browser_main_extra_parts_metrics.cc(239)] END: GetDefaultBrowser()
2월 10, 2022 09:14:52.832 [5608:10840:0210/091452.831:ERROR:device_event_log_impl.cc(214)] [09:14:52.831] USB: usb_device_handle_win.cc:1049 Failed to read descriptor from node connection: 시스템에 부착된 장치가 작동하지 않습니다. (0x1F)
2월 10, 2022 09:14:52.832 [5608:10840:0210/091452.832:ERROR:device_event_log_impl.cc(214)] [09:14:52.831] USB: usb_device_handle_win.cc:1049 Failed to read descriptor from node connection: 시스템에 부착된 장치가 작동하지 않습니다. (0x1F)
2월 10, 2022 09:27:59.691 [5608:10840:0210/092759.691:ERROR:device_event_log_impl.cc(214)] [09:27:59.691] USB: usb_service_win.cc:260 Failed to get device driver name: 요소가 없습니다. (0x490)
2월 10, 2022 09:34:58.307 [8244:7536:0210/093458.306:ERROR:chrome_browser_main_extra_parts_metrics.cc(227)] START: ReportBluetoothAvailability(). If you don't see the END: message, this is crbug.com/1216328.
2월 10, 2022 09:34:58.307 [8244:7536:0210/093458.306:ERROR:chrome_browser_main_extra_parts_metrics.cc(230)] END: ReportBluetoothAvailability()
2월 10, 2022 09:34:58.307 [8244:7536:0210/093458.306:ERROR:chrome_browser_main_extra_parts_metrics.cc(235)] START: GetDefaultBrowser(). If you don't see the END: message, this is crbug.com/1216328.
2월 10, 2022 09:34:58.308 [8244:7536:0210/093458.307:ERROR:chrome_browser_main_extra_parts_metrics.cc(239)] END: GetDefaultBrowser()
2월 10, 2022 09:40:49.973 [11468:2212:0210/094049.973:ERROR:chrome_browser_main_extra_parts_metrics.cc(227)] START: ReportBluetoothAvailability(). If you don't see the END: message, this is crbug.com/1216328.
2월 10, 2022 09:40:49.974 [11468:2212:0210/094049.973:ERROR:chrome_browser_main_extra_parts_metrics.cc(230)] END: ReportBluetoothAvailability()
2월 10, 2022 09:40:49.974 [11468:2212:0210/094049.973:ERROR:chrome_browser_main_extra_parts_metrics.cc(235)] START: GetDefaultBrowser(). If you don't see the END: message, this is crbug.com/1216328.
2월 10, 2022 09:40:49.975 [11468:2212:0210/094049.974:ERROR:chrome_browser_main_extra_parts_metrics.cc(239)] END: GetDefaultBrowser()
2월 10, 2022 09:42:05.36 [12096:5936:0210/094205.036:ERROR:chrome_browser_main_extra_parts_metrics.cc(227)] START: ReportBluetoothAvailability(). If you don't see the END: message, this is crbug.com/1216328.
2월 10, 2022 09:42:05.37 [12096:5936:0210/094205.036:ERROR:chrome_browser_main_extra_parts_metrics.cc(230)] END: ReportBluetoothAvailability()
2월 10, 2022 09:42:05.37 [12096:5936:0210/094205.036:ERROR:chrome_browser_main_extra_parts_metrics.cc(235)] START: GetDefaultBrowser(). If you don't see the END: message, this is crbug.com/1216328.
2월 10, 2022 09:42:05.38 [12096:5936:0210/094205.037:ERROR:chrome_browser_main_extra_parts_metrics.cc(239)] END: GetDefaultBrowser()
2월 10, 2022 09:42:35.798 [1672:828:0210/094235.797:ERROR:chrome_browser_main_extra_parts_metrics.cc(227)] START: ReportBluetoothAvailability(). If you don't see the END: message, this is crbug.com/1216328.
2월 10, 2022 09:42:35.798 [1672:828:0210/094235.797:ERROR:chrome_browser_main_extra_parts_metrics.cc(230)] END: ReportBluetoothAvailability()
2월 10, 2022 09:42:35.798 [1672:828:0210/094235.797:ERROR:chrome_browser_main_extra_parts_metrics.cc(235)] START: GetDefaultBrowser(). If you don't see the END: message, this is crbug.com/1216328.
2월 10, 2022 09:42:35.799 [1672:828:0210/094235.798:ERROR:chrome_browser_main_extra_parts_metrics.cc(239)] END: GetDefaultBrowser()
2월 10, 2022 09:46:32.706 [7984:9356:0210/094632.706:ERROR:chrome_browser_main_extra_parts_metrics.cc(227)] START: ReportBluetoothAvailability(). If you don't see the END: message, this is crbug.com/1216328.
2월 10, 2022 09:46:32.707 [7984:9356:0210/094632.706:ERROR:chrome_browser_main_extra_parts_metrics.cc(230)] END: ReportBluetoothAvailability()
2월 10, 2022 09:46:32.707 [7984:9356:0210/094632.706:ERROR:chrome_browser_main_extra_parts_metrics.cc(235)] START: GetDefaultBrowser(). If you don't see the END: message, this is crbug.com/1216328.
2월 10, 2022 09:46:32.707 [7984:9356:0210/094632.707:ERROR:chrome_browser_main_extra_parts_metrics.cc(239)] END: GetDefaultBrowser()
2월 10, 2022 09:51:39.684 [10344:144:0210/095139.682:ERROR:chrome_browser_main_extra_parts_metrics.cc(227)] START: ReportBluetoothAvailability(). If you don't see the END: message, this is crbug.com/1216328.
2월 10, 2022 09:51:39.685 [10344:144:0210/095139.682:ERROR:chrome_browser_main_extra_parts_metrics.cc(230)] END: ReportBluetoothAvailability()
2월 10, 2022 09:51:39.686 [10344:144:0210/095139.682:ERROR:chrome_browser_main_extra_parts_metrics.cc(235)] START: GetDefaultBrowser(). If you don't see the END: message, this is crbug.com/1216328.
2월 10, 2022 09:51:39.686 [10344:144:0210/095139.686:ERROR:chrome_browser_main_extra_parts_metrics.cc(239)] END: GetDefaultBrowser()
2월 10, 2022 10:07:54.287 [11696:8408:0210/100754.287:ERROR:chrome_browser_main_extra_parts_metrics.cc(227)] START: ReportBluetoothAvailability(). If you don't see the END: message, this is crbug.com/1216328.
2월 10, 2022 10:07:54.288 [11696:8408:0210/100754.287:ERROR:chrome_browser_main_extra_parts_metrics.cc(230)] END: ReportBluetoothAvailability()
2월 10, 2022 10:07:54.288 [11696:8408:0210/100754.287:ERROR:chrome_browser_main_extra_parts_metrics.cc(235)] START: GetDefaultBrowser(). If you don't see the END: message, this is crbug.com/1216328.
2월 10, 2022 10:07:54.289 [11696:8408:0210/100754.289:ERROR:chrome_browser_main_extra_parts_metrics.cc(239)] END: GetDefaultBrowser()
2월 10, 2022 10:10:20.169 [5960:13044:0210/101020.168:ERROR:chrome_browser_main_extra_parts_metrics.cc(227)] START: ReportBluetoothAvailability(). If you don't see the END: message, this is crbug.com/1216328.
2월 10, 2022 10:10:20.169 [5960:13044:0210/101020.169:ERROR:chrome_browser_main_extra_parts_metrics.cc(230)] END: ReportBluetoothAvailability()
2월 10, 2022 10:10:20.170 [5960:13044:0210/101020.170:ERROR:chrome_browser_main_extra_parts_metrics.cc(235)] START: GetDefaultBrowser(). If you don't see the END: message, this is crbug.com/1216328.
2월 10, 2022 10:10:20.176 [5960:13044:0210/101020.175:ERROR:chrome_browser_main_extra_parts_metrics.cc(239)] END: GetDefaultBrowser()

2월 13, 2022 19:10:02.244 NEW SESSION
2월 13, 2022 19:10:02.244 [8544:11852:0213/191002.239:ERROR:chrome_browser_main_extra_parts_metrics.cc(227)] START: ReportBluetoothAvailability(). If you don't see the END: message, this is crbug.com/1216328.
2월 13, 2022 19:10:02.245 [8544:11852:0213/191002.239:ERROR:chrome_browser_main_extra_parts_metrics.cc(230)] END: ReportBluetoothAvailability()
2월 13, 2022 19:10:02.245 [8544:11852:0213/191002.239:ERROR:chrome_browser_main_extra_parts_metrics.cc(235)] START: GetDefaultBrowser(). If you don't see the END: message, this is crbug.com/1216328.
2월 13, 2022 19:10:02.246 [8544:11852:0213/191002.240:ERROR:chrome_browser_main_extra_parts_metrics.cc(239)] END: GetDefaultBrowser()
2월 13, 2022 19:10:02.246 [8544:5916:0213/191002.243:ERROR:device_event_log_impl.cc(214)] [19:10:02.243] USB: usb_device_handle_win.cc:1049 Failed to read descriptor from node connection: 시스템에 부착된 장치가 작동하지 않습니다. (0x1F)
2월 13, 2022 19:10:02.246 [8544:5916:0213/191002.243:ERROR:device_event_log_impl.cc(214)] [19:10:02.243] USB: usb_device_handle_win.cc:1049 Failed to read descriptor from node connection: 시스템에 부착된 장치가 작동하지 않습니다. (0x1F)
2월 13, 2022 19:14:19.282 [8544:14052:0213/191419.281:ERROR:database.cc(1777)] Passwords SQLite error: code 2067 errno 0: UNIQUE constraint failed: logins.origin_url, logins.username_element, logins.username_value, logins.password_element, logins.signon_realm sql: INSERT INTO logins (origin_url, action_url, username_element, username_value, password_element, password_value, submit_element, signon_realm, date_created, blacklisted_by_user, scheme, password_type, times_used, form_data, display_name, icon_url, federation_url, skip_zero_click, generation_upload_status, possible_username_pairs, id, date_last_used, moving_blocked_for, date_password_modified) VALUES (?,?,?,?,?,?,?,?,?,?,?,?,?,?,?,?,?,?,?,?,?,?,?,?)
2월 13, 2022 19:38:58.359 [8544:5916:0213/193858.359:ERROR:interface_endpoint_client.cc(658)] Message 5 rejected by interface blink.mojom.WidgetHost

2월 14, 2022 10:45:30.313 NEW SESSION
2월 14, 2022 10:45:30.313 [11536:12308:0214/104530.310:ERROR:chrome_browser_main_extra_parts_metrics.cc(227)] START: ReportBluetoothAvailability(). If you don't see the END: message, this is crbug.com/1216328.
2월 14, 2022 10:45:30.314 [11536:12308:0214/104530.310:ERROR:chrome_browser_main_extra_parts_metrics.cc(230)] END: ReportBluetoothAvailability()
2월 14, 2022 10:45:30.315 [11536:12308:0214/104530.310:ERROR:chrome_browser_main_extra_parts_metrics.cc(235)] START: GetDefaultBrowser(). If you don't see the END: message, this is crbug.com/1216328.
2월 14, 2022 10:45:30.315 [11536:12308:0214/104530.311:ERROR:chrome_browser_main_extra_parts_metrics.cc(239)] END: GetDefaultBrowser()
2월 14, 2022 10:45:30.316 [11536:11660:0214/104530.312:ERROR:device_event_log_impl.cc(214)] [10:45:30.313] USB: usb_device_handle_win.cc:1049 Failed to read descriptor from node connection: 시스템에 부착된 장치가 작동하지 않습니다. (0x1F)
2월 14, 2022 10:45:30.316 [11536:11660:0214/104530.313:ERROR:device_event_log_impl.cc(214)] [10:45:30.314] USB: usb_device_handle_win.cc:1049 Failed to read descriptor from node connection: 시스템에 부착된 장치가 작동하지 않습니다. (0x1F)
2월 14, 2022 12:37:04.959 [11536:11660:0214/123704.959:ERROR:interface_endpoint_client.cc(658)] Message 5 rejected by interface blink.mojom.WidgetHost
2월 14, 2022 15:20:44.748 [11536:11660:0214/152044.747:ERROR:device_event_log_impl.cc(214)] [15:20:44.747] USB: usb_service_win.cc:260 Failed to get device driver name: 요소가 없습니다. (0x490)

2월 16, 2022 10:19:53.933 NEW SESSION
2월 16, 2022 10:19:53.934 [5624:5636:0216/101953.931:ERROR:chrome_browser_main_extra_parts_metrics.cc(227)] START: ReportBluetoothAvailability(). If you don't see the END: message, this is crbug.com/1216328.
2월 16, 2022 10:19:53.935 [5624:5636:0216/101953.931:ERROR:chrome_browser_main_extra_parts_metrics.cc(230)] END: ReportBluetoothAvailability()
2월 16, 2022 10:19:53.935 [5624:5636:0216/101953.931:ERROR:chrome_browser_main_extra_parts_metrics.cc(235)] START: GetDefaultBrowser(). If you don't see the END: message, this is crbug.com/1216328.
2월 16, 2022 10:19:53.936 [5624:5636:0216/101953.934:ERROR:chrome_browser_main_extra_parts_metrics.cc(239)] END: GetDefaultBrowser()
2월 16, 2022 10:20:01.579 [5624:1140:0216/102001.578:ERROR:database.cc(1777)] Passwords SQLite error: code 2067 errno 0: UNIQUE constraint failed: logins.origin_url, logins.username_element, logins.username_value, logins.password_element, logins.signon_realm sql: INSERT INTO logins (origin_url, action_url, username_element, username_value, password_element, password_value, submit_element, signon_realm, date_created, blacklisted_by_user, scheme, password_type, times_used, form_data, display_name, icon_url, federation_url, skip_zero_click, generation_upload_status, possible_username_pairs, id, date_last_used, moving_blocked_for, date_password_modified) VALUES (?,?,?,?,?,?,?,?,?,?,?,?,?,?,?,?,?,?,?,?,?,?,?,?)
2월 16, 2022 10:30:22.646 [5624:1140:0216/103022.646:ERROR:database.cc(1777)] Passwords SQLite error: code 2067 errno 0: UNIQUE constraint failed: logins.origin_url, logins.username_element, logins.username_value, logins.password_element, logins.signon_realm sql: INSERT INTO logins (origin_url, action_url, username_element, username_value, password_element, password_value, submit_element, signon_realm, date_created, blacklisted_by_user, scheme, password_type, times_used, form_data, display_name, icon_url, federation_url, skip_zero_click, generation_upload_status, possible_username_pairs, id, date_last_used, moving_blocked_for, date_password_modified) VALUES (?,?,?,?,?,?,?,?,?,?,?,?,?,?,?,?,?,?,?,?,?,?,?,?)
2월 16, 2022 10:33:22.462 [5624:3304:0216/103322.462:ERROR:database.cc(1777)] Passwords SQLite error: code 2067 errno 0: UNIQUE constraint failed: logins.origin_url, logins.username_element, logins.username_value, logins.password_element, logins.signon_realm sql: INSERT INTO logins (origin_url, action_url, username_element, username_value, password_element, password_value, submit_element, signon_realm, date_created, blacklisted_by_user, scheme, password_type, times_used, form_data, display_name, icon_url, federation_url, skip_zero_click, generation_upload_status, possible_username_pairs, id, date_last_used, moving_blocked_for, date_password_modified) VALUES (?,?,?,?,?,?,?,?,?,?,?,?,?,?,?,?,?,?,?,?,?,?,?,?)
2월 16, 2022 10:43:19.75 [5624:6524:0216/104319.073:ERROR:interface_endpoint_client.cc(658)] Message 0 rejected by interface blink.mojom.WidgetHost
2월 16, 2022 10:43:45.182 [5624:6544:0216/104345.181:ERROR:database.cc(1777)] Passwords SQLite error: code 2067 errno 0: UNIQUE constraint failed: logins.origin_url, logins.username_element, logins.username_value, logins.password_element, logins.signon_realm sql: INSERT INTO logins (origin_url, action_url, username_element, username_value, password_element, password_value, submit_element, signon_realm, date_created, blacklisted_by_user, scheme, password_type, times_used, form_data, display_name, icon_url, federation_url, skip_zero_click, generation_upload_status, possible_username_pairs, id, date_last_used, moving_blocked_for, date_password_modified) VALUES (?,?,?,?,?,?,?,?,?,?,?,?,?,?,?,?,?,?,?,?,?,?,?,?)
2월 16, 2022 10:46:43.367 [5624:6544:0216/104643.366:ERROR:database.cc(1777)] Passwords SQLite error: code 2067 errno 0: UNIQUE constraint failed: logins.origin_url, logins.username_element, logins.username_value, logins.password_element, logins.signon_realm sql: INSERT INTO logins (origin_url, action_url, username_element, username_value, password_element, password_value, submit_element, signon_realm, date_created, blacklisted_by_user, scheme, password_type, times_used, form_data, display_name, icon_url, federation_url, skip_zero_click, generation_upload_status, possible_username_pairs, id, date_last_used, moving_blocked_for, date_password_modified) VALUES (?,?,?,?,?,?,?,?,?,?,?,?,?,?,?,?,?,?,?,?,?,?,?,?)
2월 16, 2022 10:53:22.06 [5624:6336:0216/105322.005:ERROR:database.cc(1777)] Passwords SQLite error: code 2067 errno 0: UNIQUE constraint failed: logins.origin_url, logins.username_element, logins.username_value, logins.password_element, logins.signon_realm sql: INSERT INTO logins (origin_url, action_url, username_element, username_value, password_element, password_value, submit_element, signon_realm, date_created, blacklisted_by_user, scheme, password_type, times_used, form_data, display_name, icon_url, federation_url, skip_zero_click, generation_upload_status, possible_username_pairs, id, date_last_used, moving_blocked_for, date_password_modified) VALUES (?,?,?,?,?,?,?,?,?,?,?,?,?,?,?,?,?,?,?,?,?,?,?,?)
2월 16, 2022 11:04:23.838 [5624:2416:0216/110423.838:ERROR:database.cc(1777)] Passwords SQLite error: code 2067 errno 0: UNIQUE constraint failed: logins.origin_url, logins.username_element, logins.username_value, logins.password_element, logins.signon_realm sql: INSERT INTO logins (origin_url, action_url, username_element, username_value, password_element, password_value, submit_element, signon_realm, date_created, blacklisted_by_user, scheme, password_type, times_used, form_data, display_name, icon_url, federation_url, skip_zero_click, generation_upload_status, possible_username_pairs, id, date_last_used, moving_blocked_for, date_password_modified) VALUES (?,?,?,?,?,?,?,?,?,?,?,?,?,?,?,?,?,?,?,?,?,?,?,?)
2월 16, 2022 11:12:26.29 [5624:12312:0216/111226.029:ERROR:database.cc(1777)] Passwords SQLite error: code 2067 errno 0: UNIQUE constraint failed: logins.origin_url, logins.username_element, logins.username_value, logins.password_element, logins.signon_realm sql: INSERT INTO logins (origin_url, action_url, username_element, username_value, password_element, password_value, submit_element, signon_realm, date_created, blacklisted_by_user, scheme, password_type, times_used, form_data, display_name, icon_url, federation_url, skip_zero_click, generation_upload_status, possible_username_pairs, id, date_last_used, moving_blocked_for, date_password_modified) VALUES (?,?,?,?,?,?,?,?,?,?,?,?,?,?,?,?,?,?,?,?,?,?,?,?)
2월 16, 2022 11:15:52.46 [5624:10564:0216/111552.045:ERROR:database.cc(1777)] Passwords SQLite error: code 2067 errno 0: UNIQUE constraint failed: logins.origin_url, logins.username_element, logins.username_value, logins.password_element, logins.signon_realm sql: INSERT INTO logins (origin_url, action_url, username_element, username_value, password_element, password_value, submit_element, signon_realm, date_created, blacklisted_by_user, scheme, password_type, times_used, form_data, display_name, icon_url, federation_url, skip_zero_click, generation_upload_status, possible_username_pairs, id, date_last_used, moving_blocked_for, date_password_modified) VALUES (?,?,?,?,?,?,?,?,?,?,?,?,?,?,?,?,?,?,?,?,?,?,?,?)
2월 16, 2022 11:17:17.989 [5624:3940:0216/111717.989:ERROR:database.cc(1777)] Passwords SQLite error: code 2067 errno 0: UNIQUE constraint failed: logins.origin_url, logins.username_element, logins.username_value, logins.password_element, logins.signon_realm sql: INSERT INTO logins (origin_url, action_url, username_element, username_value, password_element, password_value, submit_element, signon_realm, date_created, blacklisted_by_user, scheme, password_type, times_used, form_data, display_name, icon_url, federation_url, skip_zero_click, generation_upload_status, possible_username_pairs, id, date_last_used, moving_blocked_for, date_password_modified) VALUES (?,?,?,?,?,?,?,?,?,?,?,?,?,?,?,?,?,?,?,?,?,?,?,?)
2월 16, 2022 11:17:23.837 [5624:6524:0216/111723.837:ERROR:sharing_service.cc(252)] Device un-registration failed with fatal error
2월 16, 2022 12:07:52.376 [5624:6524:0216/120752.375:ERROR:interface_endpoint_client.cc(658)] Message 0 rejected by interface blink.mojom.WidgetHost
2월 16, 2022 14:03:43.294 [5624:12952:0216/140343.293:ERROR:database.cc(1777)] History SQLite error: code 1555 errno 0: UNIQUE constraint failed: context_annotations.visit_id sql: INSERT INTO context_annotations( visit_id,context_annotation_flags,duration_since_last_visit,page_end_reason,total_foreground_duration )VALUES(?,?,?,?,?)
2월 16, 2022 14:11:59.572 [5624:3996:0216/141159.572:ERROR:database.cc(1777)] History SQLite error: code 1555 errno 0: UNIQUE constraint failed: context_annotations.visit_id sql: INSERT INTO context_annotations( visit_id,context_annotation_flags,duration_since_last_visit,page_end_reason,total_foreground_duration )VALUES(?,?,?,?,?)
2월 16, 2022 14:20:28.751 [5624:10972:0216/142028.750:ERROR:database.cc(1777)] History SQLite error: code 1555 errno 0: UNIQUE constraint failed: context_annotations.visit_id sql: INSERT INTO context_annotations( visit_id,context_annotation_flags,duration_since_last_visit,page_end_reason,total_foreground_duration )VALUES(?,?,?,?,?)
2월 16, 2022 14:26:49.964 [5624:1768:0216/142649.964:ERROR:database.cc(1777)] History SQLite error: code 1555 errno 0: UNIQUE constraint failed: context_annotations.visit_id sql: INSERT INTO context_annotations( visit_id,context_annotation_flags,duration_since_last_visit,page_end_reason,total_foreground_duration )VALUES(?,?,?,?,?)

2월 18, 2022 09:34:04.836 NEW SESSION
2월 18, 2022 09:34:04.836 [8468:12252:0218/093404.834:ERROR:chrome_browser_main_extra_parts_metrics.cc(227)] START: ReportBluetoothAvailability(). If you don't see the END: message, this is crbug.com/1216328.
2월 18, 2022 09:34:04.838 [8468:12252:0218/093404.834:ERROR:chrome_browser_main_extra_parts_metrics.cc(230)] END: ReportBluetoothAvailability()
2월 18, 2022 09:34:04.838 [8468:12252:0218/093404.834:ERROR:chrome_browser_main_extra_parts_metrics.cc(235)] START: GetDefaultBrowser(). If you don't see the END: message, this is crbug.com/1216328.
2월 18, 2022 09:34:04.838 [8468:12252:0218/093404.836:ERROR:chrome_browser_main_extra_parts_metrics.cc(239)] END: GetDefaultBrowser()
2월 18, 2022 09:34:29.791 [4588:3788:0218/093429.790:ERROR:chrome_browser_main_extra_parts_metrics.cc(227)] START: ReportBluetoothAvailability(). If you don't see the END: message, this is crbug.com/1216328.
2월 18, 2022 09:34:29.791 [4588:3788:0218/093429.790:ERROR:chrome_browser_main_extra_parts_metrics.cc(230)] END: ReportBluetoothAvailability()
2월 18, 2022 09:34:29.792 [4588:3788:0218/093429.790:ERROR:chrome_browser_main_extra_parts_metrics.cc(235)] START: GetDefaultBrowser(). If you don't see the END: message, this is crbug.com/1216328.
2월 18, 2022 09:34:29.793 [4588:3788:0218/093429.792:ERROR:chrome_browser_main_extra_parts_metrics.cc(239)] END: GetDefaultBrowser()
2월 18, 2022 10:07:57.162 [4588:10108:0218/100757.161:ERROR:CONSOLE(1)] "Uncaught RangeError: Trying to update state with a transaction that doesn't start from the previous state.", source: devtools://devtools/bundled/devtools-frontend/front_end/third_party/codemirror.next/chunk/codemirror.js (1)

2월 18, 2022 10:10:57.795 NEW SESSION
2월 18, 2022 10:10:57.796 [4644:3364:0218/101057.793:ERROR:chrome_browser_main_extra_parts_metrics.cc(227)] START: ReportBluetoothAvailability(). If you don't see the END: message, this is crbug.com/1216328.
2월 18, 2022 10:10:57.796 [4644:3364:0218/101057.793:ERROR:chrome_browser_main_extra_parts_metrics.cc(230)] END: ReportBluetoothAvailability()
2월 18, 2022 10:10:57.797 [4644:3364:0218/101057.793:ERROR:chrome_browser_main_extra_parts_metrics.cc(235)] START: GetDefaultBrowser(). If you don't see the END: message, this is crbug.com/1216328.
2월 18, 2022 10:10:57.797 [4644:3364:0218/101057.796:ERROR:chrome_browser_main_extra_parts_metrics.cc(239)] END: GetDefaultBrowser()
2월 18, 2022 10:56:04.647 [4644:8152:0218/105604.646:ERROR:database.cc(1777)] History SQLite error: code 1555 errno 0: UNIQUE constraint failed: context_annotations.visit_id sql: INSERT INTO context_annotations( visit_id,context_annotation_flags,duration_since_last_visit,page_end_reason,total_foreground_duration )VALUES(?,?,?,?,?)
2월 18, 2022 11:37:54.66 [4644:8468:0218/113754.065:ERROR:database.cc(1777)] History SQLite error: code 1555 errno 0: UNIQUE constraint failed: context_annotations.visit_id sql: INSERT INTO context_annotations( visit_id,context_annotation_flags,duration_since_last_visit,page_end_reason,total_foreground_duration )VALUES(?,?,?,?,?)
2월 18, 2022 12:10:32.462 [4644:9724:0218/121032.462:ERROR:database.cc(1777)] History SQLite error: code 1555 errno 0: UNIQUE constraint failed: context_annotations.visit_id sql: INSERT INTO context_annotations( visit_id,context_annotation_flags,duration_since_last_visit,page_end_reason,total_foreground_duration )VALUES(?,?,?,?,?)
2월 18, 2022 15:20:43.940 [4644:9812:0218/152043.940:ERROR:database.cc(1777)] History SQLite error: code 1555 errno 0: UNIQUE constraint failed: context_annotations.visit_id sql: INSERT INTO context_annotations( visit_id,context_annotation_flags,duration_since_last_visit,page_end_reason,total_foreground_duration )VALUES(?,?,?,?,?)
2월 18, 2022 15:20:43.959 [4644:11564:0218/152043.959:ERROR:database.cc(1777)] History SQLite error: code 1555 errno 0: UNIQUE constraint failed: context_annotations.visit_id sql: INSERT INTO context_annotations( visit_id,context_annotation_flags,duration_since_last_visit,page_end_reason,total_foreground_duration )VALUES(?,?,?,?,?)
2월 18, 2022 15:20:48.789 [11608:14312:0218/152048.788:ERROR:chrome_browser_main_extra_parts_metrics.cc(227)] START: ReportBluetoothAvailability(). If you don't see the END: message, this is crbug.com/1216328.
2월 18, 2022 15:20:48.789 [11608:14312:0218/152048.788:ERROR:chrome_browser_main_extra_parts_metrics.cc(230)] END: ReportBluetoothAvailability()
2월 18, 2022 15:20:48.790 [11608:14312:0218/152048.788:ERROR:chrome_browser_main_extra_parts_metrics.cc(235)] START: GetDefaultBrowser(). If you don't see the END: message, this is crbug.com/1216328.
2월 18, 2022 15:20:48.790 [11608:14312:0218/152048.790:ERROR:chrome_browser_main_extra_parts_metrics.cc(239)] END: GetDefaultBrowser()
